<?xml version="1.0" encoding="UTF-8"?>
<!-- Generated by org.testng.reporters.JUnitXMLReporter -->
<testsuite hostname="DESKTOP-RRIFBJJ" name="Administration" tests="5" failures="0" timestamp="11 Dec 2023 01:57:18 GMT" time="26.072" errors="0">
  <testcase name="verifyAccountsPage_01" time="3.861" classname="testCasesArea.AdministrationTC"/>
  <testcase name="verifyCreateNewEmail_02" time="2.018" classname="testCasesArea.AdministrationTC"/>
  <testcase name="verifyTestEmailAccount_03" time="6.644" classname="testCasesArea.AdministrationTC"/>
  <testcase name="verifyEditButtonAccount_04" time="4.649" classname="testCasesArea.AdministrationTC"/>
  <testcase name="verifyDeleteEmailAccount_05" time="3.186" classname="testCasesArea.AdministrationTC"/>
</testsuite> <!-- Administration -->
