<?xml version="1.0" encoding="UTF-8"?>
<!-- Generated by org.testng.reporters.JUnitXMLReporter -->
<testsuite hostname="DESKTOP-RRIFBJJ" name="Administration" tests="2" failures="1" timestamp="14 Aug 2023 08:41:27 GMT" time="40.011" errors="0">
  <testcase name="verifyAccountsPage_01" time="11.682" classname="testCasesArea.AdministrationTC"/>
  <testcase name="verifyCreateNewEmail_02" time="3.781" classname="testCasesArea.AdministrationTC">
    <failure type="java.lang.AssertionError" message="expected [true] but found [false]">
      <![CDATA[java.lang.AssertionError: expected [true] but found [false]
	at testCasesArea.AdministrationTC.verifyCreateNewEmail_02(AdministrationTC.java:38)
... Removed 29 stack frames]]>
    </failure>
  </testcase> <!-- verifyCreateNewEmail_02 -->
</testsuite> <!-- Administration -->
