<?xml version="1.0" encoding="UTF-8"?>
<!-- Generated by org.testng.reporters.JUnitXMLReporter -->
<testsuite hostname="DESKTOP-RRIFBJJ" name="login" tests="3" failures="0" timestamp="11 Dec 2023 01:06:37 GMT" time="11.769" errors="0">
  <testcase name="loginToApplication" time="2.373" classname="testCasesArea.LoginTC"/>
  <testcase name="VerifyLogout_02" time="4.504" classname="testCasesArea.LoginTC"/>
  <testcase name="VerifyResetPassword_03" time="1.751" classname="testCasesArea.LoginTC"/>
</testsuite> <!-- login -->
