<?xml version="1.0" encoding="UTF-8"?>
<!-- Generated by org.testng.reporters.JUnitXMLReporter -->
<testsuite hostname="DESKTOP-RRIFBJJ" name="Search" tests="7" failures="0" timestamp="6 Dec 2023 07:58:52 GMT" time="37.991" errors="0">
  <testcase name="verifySearchPage_01" time="3.441" classname="testCasesArea.SearchAndStatisticTC"/>
  <testcase name="verifySearchErrand_02" time="0.481" classname="testCasesArea.SearchAndStatisticTC"/>
  <testcase name="verifyOpenSearchedErrand_03" time="3.204" classname="testCasesArea.SearchAndStatisticTC"/>
  <testcase name="verifySearchDateFilter_04" time="3.386" classname="testCasesArea.SearchAndStatisticTC"/>
  <testcase name="verifyCollaborationSearchFilter_05" time="2.995" classname="testCasesArea.SearchAndStatisticTC"/>
  <testcase name="verifySearchAttachmentFile_06" time="6.043" classname="testCasesArea.SearchAndStatisticTC"/>
  <testcase name="verifyOpenAndDownloadAttachmentFile_06" time="0.352" classname="testCasesArea.SearchAndStatisticTC"/>
</testsuite> <!-- Search -->
