<?xml version="1.0" encoding="UTF-8"?>
<!-- Generated by org.testng.reporters.JUnitXMLReporter -->
<testsuite hostname="DESKTOP-RRIFBJJ" name="Search" tests="7" failures="0" timestamp="11 Dec 2023 03:28:09 GMT" time="25.167" errors="0">
  <testcase name="verifySearchPage_01" time="3.117" classname="testCasesArea.SearchAndStatisticTC"/>
  <testcase name="verifySearchErrand_02" time="0.262" classname="testCasesArea.SearchAndStatisticTC"/>
  <testcase name="verifyOpenSearchedErrand_03" time="4.062" classname="testCasesArea.SearchAndStatisticTC"/>
  <testcase name="verifySearchDateFilter_04" time="3.108" classname="testCasesArea.SearchAndStatisticTC"/>
  <testcase name="verifyCollaborationSearchFilter_05" time="3.103" classname="testCasesArea.SearchAndStatisticTC"/>
  <testcase name="verifySearchAttachmentFile_06" time="5.903" classname="testCasesArea.SearchAndStatisticTC"/>
  <testcase name="verifyOpenAndDownloadAttachmentFile_07" time="0.372" classname="testCasesArea.SearchAndStatisticTC"/>
</testsuite> <!-- Search -->
