<?xml version="1.0" encoding="UTF-8"?>
<testng-results skipped="0" failed="0" total="3" passed="3">
  <reporter-output>
  </reporter-output>
  <suite name="cention-QA" duration-ms="27654" started-at="2023-09-13T06:43:35Z" finished-at="2023-09-13T06:44:03Z">
    <groups>
    </groups>
    <test name="login" duration-ms="27654" started-at="2023-09-13T06:43:35Z" finished-at="2023-09-13T06:44:03Z">
      <class name="testCasesArea.LoginTC">
        <test-method status="PASS" signature="Base(java.lang.String)[pri:0, instance:testCasesArea.LoginTC@45afc369]" name="Base" is-config="true" duration-ms="3455" started-at="2023-09-13T14:43:35Z" finished-at="2023-09-13T14:43:38Z">
          <params>
            <param index="0">
              <value>
                <![CDATA[chrome]]>
              </value>
            </param>
          </params>
          <reporter-output>
          </reporter-output>
        </test-method> <!-- Base -->
        <test-method status="PASS" signature="loginToApplication()[pri:0, instance:testCasesArea.LoginTC@45afc369]" name="loginToApplication" duration-ms="3173" started-at="2023-09-13T14:43:38Z" finished-at="2023-09-13T14:43:41Z">
          <reporter-output>
          </reporter-output>
        </test-method> <!-- loginToApplication -->
        <test-method status="PASS" signature="VerifyQR2FA_02()[pri:0, instance:testCasesArea.LoginTC@45afc369]" name="VerifyQR2FA_02" duration-ms="18941" started-at="2023-09-13T14:43:41Z" finished-at="2023-09-13T14:44:00Z">
          <reporter-output>
          </reporter-output>
        </test-method> <!-- VerifyQR2FA_02 -->
        <test-method status="PASS" signature="VerifyLogout_03()[pri:0, instance:testCasesArea.LoginTC@45afc369]" name="VerifyLogout_03" duration-ms="2076" started-at="2023-09-13T14:44:00Z" finished-at="2023-09-13T14:44:03Z">
          <reporter-output>
          </reporter-output>
        </test-method> <!-- VerifyLogout_03 -->
        <test-method status="PASS" signature="tearDown()[pri:0, instance:testCasesArea.LoginTC@45afc369]" name="tearDown" is-config="true" duration-ms="1" started-at="2023-09-13T14:44:03Z" finished-at="2023-09-13T14:44:03Z">
          <reporter-output>
          </reporter-output>
        </test-method> <!-- tearDown -->
      </class> <!-- testCasesArea.LoginTC -->
    </test> <!-- login -->
  </suite> <!-- cention-QA -->
</testng-results>
