<?xml version="1.0" encoding="UTF-8"?>
<testng-results skipped="0" failed="0" total="1" passed="1">
  <reporter-output>
  </reporter-output>
  <suite name="cention-QA" duration-ms="7859" started-at="2023-08-14T06:09:28Z" finished-at="2023-08-14T06:09:35Z">
    <groups>
    </groups>
    <test name="Administration" duration-ms="7859" started-at="2023-08-14T06:09:28Z" finished-at="2023-08-14T06:09:35Z">
      <class name="testCasesArea.AdministrationTC">
        <test-method status="PASS" signature="Base(java.lang.String)[pri:0, instance:testCasesArea.AdministrationTC@45afc369]" name="Base" is-config="true" duration-ms="2838" started-at="2023-08-14T14:09:28Z" finished-at="2023-08-14T14:09:30Z">
          <params>
            <param index="0">
              <value>
                <![CDATA[chrome]]>
              </value>
            </param>
          </params>
          <reporter-output>
          </reporter-output>
        </test-method> <!-- Base -->
        <test-method status="PASS" signature="loginToApplication()[pri:0, instance:testCasesArea.AdministrationTC@45afc369]" name="loginToApplication" is-config="true" duration-ms="3537" started-at="2023-08-14T14:09:30Z" finished-at="2023-08-14T14:09:34Z">
          <reporter-output>
          </reporter-output>
        </test-method> <!-- loginToApplication -->
        <test-method status="PASS" signature="verifyAccountsPage_01()[pri:0, instance:testCasesArea.AdministrationTC@45afc369]" name="verifyAccountsPage_01" duration-ms="1477" started-at="2023-08-14T14:09:34Z" finished-at="2023-08-14T14:09:35Z">
          <reporter-output>
          </reporter-output>
        </test-method> <!-- verifyAccountsPage_01 -->
        <test-method status="PASS" signature="tearDown()[pri:0, instance:testCasesArea.AdministrationTC@45afc369]" name="tearDown" is-config="true" duration-ms="0" started-at="2023-08-14T14:09:35Z" finished-at="2023-08-14T14:09:35Z">
          <reporter-output>
          </reporter-output>
        </test-method> <!-- tearDown -->
      </class> <!-- testCasesArea.AdministrationTC -->
    </test> <!-- Administration -->
  </suite> <!-- cention-QA -->
</testng-results>
