<?xml version="1.0" encoding="UTF-8"?>
<testng-results skipped="0" failed="0" total="1" passed="1">
  <reporter-output>
  </reporter-output>
  <suite name="cention-QA" duration-ms="17208" started-at="2023-10-23T02:25:04Z" finished-at="2023-10-23T02:25:21Z">
    <groups>
    </groups>
    <test name="Administration" duration-ms="17208" started-at="2023-10-23T02:25:04Z" finished-at="2023-10-23T02:25:21Z">
      <class name="testCasesArea.AdministrationTC">
        <test-method status="PASS" signature="Base(java.lang.String)[pri:0, instance:testCasesArea.AdministrationTC@679b62af]" name="Base" is-config="true" duration-ms="2387" started-at="2023-10-23T10:25:04Z" finished-at="2023-10-23T10:25:07Z">
          <params>
            <param index="0">
              <value>
                <![CDATA[chrome]]>
              </value>
            </param>
          </params>
          <reporter-output>
          </reporter-output>
        </test-method> <!-- Base -->
        <test-method status="PASS" signature="loginToApplication()[pri:0, instance:testCasesArea.AdministrationTC@679b62af]" name="loginToApplication" is-config="true" duration-ms="2241" started-at="2023-10-23T10:25:07Z" finished-at="2023-10-23T10:25:09Z">
          <reporter-output>
          </reporter-output>
        </test-method> <!-- loginToApplication -->
        <test-method status="PASS" signature="verifyDeleteCORSWhitelist_15()[pri:0, instance:testCasesArea.AdministrationTC@679b62af]" name="verifyDeleteCORSWhitelist_15" duration-ms="12572" started-at="2023-10-23T10:25:09Z" finished-at="2023-10-23T10:25:21Z">
          <reporter-output>
          </reporter-output>
        </test-method> <!-- verifyDeleteCORSWhitelist_15 -->
        <test-method status="PASS" signature="tearDown()[pri:0, instance:testCasesArea.AdministrationTC@679b62af]" name="tearDown" is-config="true" duration-ms="1" started-at="2023-10-23T10:25:21Z" finished-at="2023-10-23T10:25:21Z">
          <reporter-output>
          </reporter-output>
        </test-method> <!-- tearDown -->
      </class> <!-- testCasesArea.AdministrationTC -->
    </test> <!-- Administration -->
  </suite> <!-- cention-QA -->
</testng-results>
