<?xml version="1.0" encoding="UTF-8"?>
<testng-results skipped="0" failed="0" total="1" passed="1">
  <reporter-output>
  </reporter-output>
  <suite name="cention-QA" duration-ms="7738" started-at="2023-08-23T05:56:38Z" finished-at="2023-08-23T05:56:46Z">
    <groups>
    </groups>
    <test name="Administration" duration-ms="7738" started-at="2023-08-23T05:56:38Z" finished-at="2023-08-23T05:56:46Z">
      <class name="testCasesArea.AdministrationTC">
        <test-method status="PASS" signature="Base(java.lang.String)[pri:0, instance:testCasesArea.AdministrationTC@45afc369]" name="Base" is-config="true" duration-ms="2692" started-at="2023-08-23T13:56:38Z" finished-at="2023-08-23T13:56:41Z">
          <params>
            <param index="0">
              <value>
                <![CDATA[chrome]]>
              </value>
            </param>
          </params>
          <reporter-output>
          </reporter-output>
        </test-method> <!-- Base -->
        <test-method status="PASS" signature="loginToApplication()[pri:0, instance:testCasesArea.AdministrationTC@45afc369]" name="loginToApplication" is-config="true" duration-ms="2145" started-at="2023-08-23T13:56:41Z" finished-at="2023-08-23T13:56:43Z">
          <reporter-output>
          </reporter-output>
        </test-method> <!-- loginToApplication -->
        <test-method status="PASS" signature="verifyEditButtonAccount_04()[pri:0, instance:testCasesArea.AdministrationTC@45afc369]" name="verifyEditButtonAccount_04" duration-ms="2892" started-at="2023-08-23T13:56:43Z" finished-at="2023-08-23T13:56:46Z">
          <reporter-output>
          </reporter-output>
        </test-method> <!-- verifyEditButtonAccount_04 -->
        <test-method status="PASS" signature="tearDown()[pri:0, instance:testCasesArea.AdministrationTC@45afc369]" name="tearDown" is-config="true" duration-ms="0" started-at="2023-08-23T13:56:46Z" finished-at="2023-08-23T13:56:46Z">
          <reporter-output>
          </reporter-output>
        </test-method> <!-- tearDown -->
      </class> <!-- testCasesArea.AdministrationTC -->
    </test> <!-- Administration -->
  </suite> <!-- cention-QA -->
</testng-results>
