<?xml version="1.0" encoding="UTF-8"?>
<testng-results skipped="0" failed="0" total="2" passed="2">
  <reporter-output>
  </reporter-output>
  <suite name="cention-QA" duration-ms="12789" started-at="2023-08-15T07:17:31Z" finished-at="2023-08-15T07:17:44Z">
    <groups>
    </groups>
    <test name="login" duration-ms="12789" started-at="2023-08-15T07:17:31Z" finished-at="2023-08-15T07:17:44Z">
      <class name="testCasesArea.LoginTC">
        <test-method status="PASS" signature="Base(java.lang.String)[pri:0, instance:testCasesArea.LoginTC@45afc369]" name="Base" is-config="true" duration-ms="2955" started-at="2023-08-15T15:17:31Z" finished-at="2023-08-15T15:17:34Z">
          <params>
            <param index="0">
              <value>
                <![CDATA[chrome]]>
              </value>
            </param>
          </params>
          <reporter-output>
          </reporter-output>
        </test-method> <!-- Base -->
        <test-method status="PASS" signature="loginToApplication()[pri:0, instance:testCasesArea.LoginTC@45afc369]" name="loginToApplication" duration-ms="5935" started-at="2023-08-15T15:17:34Z" finished-at="2023-08-15T15:17:40Z">
          <reporter-output>
          </reporter-output>
        </test-method> <!-- loginToApplication -->
        <test-method status="PASS" signature="VerifyQR2FA_02()[pri:0, instance:testCasesArea.LoginTC@45afc369]" name="VerifyQR2FA_02" duration-ms="3888" started-at="2023-08-15T15:17:40Z" finished-at="2023-08-15T15:17:44Z">
          <reporter-output>
          </reporter-output>
        </test-method> <!-- VerifyQR2FA_02 -->
        <test-method status="PASS" signature="tearDown()[pri:0, instance:testCasesArea.LoginTC@45afc369]" name="tearDown" is-config="true" duration-ms="0" started-at="2023-08-15T15:17:44Z" finished-at="2023-08-15T15:17:44Z">
          <reporter-output>
          </reporter-output>
        </test-method> <!-- tearDown -->
      </class> <!-- testCasesArea.LoginTC -->
    </test> <!-- login -->
  </suite> <!-- cention-QA -->
</testng-results>
