<?xml version="1.0" encoding="UTF-8"?>
<testng-results skipped="0" failed="0" total="2" passed="2">
  <reporter-output>
  </reporter-output>
  <suite name="cention-QA" duration-ms="10090" started-at="2023-10-30T03:32:22Z" finished-at="2023-10-30T03:32:32Z">
    <groups>
    </groups>
    <test name="Administration" duration-ms="10090" started-at="2023-10-30T03:32:22Z" finished-at="2023-10-30T03:32:32Z">
      <class name="testCasesArea.AdministrationTC">
        <test-method status="PASS" signature="Base(java.lang.String)[pri:0, instance:testCasesArea.AdministrationTC@679b62af]" name="Base" is-config="true" duration-ms="2599" started-at="2023-10-30T11:32:22Z" finished-at="2023-10-30T11:32:24Z">
          <params>
            <param index="0">
              <value>
                <![CDATA[chrome]]>
              </value>
            </param>
          </params>
          <reporter-output>
          </reporter-output>
        </test-method> <!-- Base -->
        <test-method status="PASS" signature="loginToApplication()[pri:0, instance:testCasesArea.AdministrationTC@679b62af]" name="loginToApplication" is-config="true" duration-ms="2458" started-at="2023-10-30T11:32:24Z" finished-at="2023-10-30T11:32:27Z">
          <reporter-output>
          </reporter-output>
        </test-method> <!-- loginToApplication -->
        <test-method status="PASS" signature="verifyAPIAccessTokensPage_18()[pri:0, instance:testCasesArea.AdministrationTC@679b62af]" name="verifyAPIAccessTokensPage_18" duration-ms="3684" started-at="2023-10-30T11:32:27Z" finished-at="2023-10-30T11:32:30Z">
          <reporter-output>
          </reporter-output>
        </test-method> <!-- verifyAPIAccessTokensPage_18 -->
        <test-method status="PASS" signature="verifyAddNewAPIAccessTokens_19()[pri:0, instance:testCasesArea.AdministrationTC@679b62af]" name="verifyAddNewAPIAccessTokens_19" duration-ms="1339" started-at="2023-10-30T11:32:30Z" finished-at="2023-10-30T11:32:32Z">
          <reporter-output>
          </reporter-output>
        </test-method> <!-- verifyAddNewAPIAccessTokens_19 -->
        <test-method status="PASS" signature="tearDown()[pri:0, instance:testCasesArea.AdministrationTC@679b62af]" name="tearDown" is-config="true" duration-ms="1" started-at="2023-10-30T11:32:32Z" finished-at="2023-10-30T11:32:32Z">
          <reporter-output>
          </reporter-output>
        </test-method> <!-- tearDown -->
      </class> <!-- testCasesArea.AdministrationTC -->
    </test> <!-- Administration -->
  </suite> <!-- cention-QA -->
</testng-results>
