<?xml version="1.0" encoding="UTF-8"?>
<testng-results skipped="0" failed="1" total="1" passed="0">
  <reporter-output>
  </reporter-output>
  <suite name="cention-QA" duration-ms="8245" started-at="2023-11-10T02:57:33Z" finished-at="2023-11-10T02:57:41Z">
    <groups>
    </groups>
    <test name="Administration" duration-ms="8245" started-at="2023-11-10T02:57:33Z" finished-at="2023-11-10T02:57:41Z">
      <class name="testCasesArea.AdministrationTC">
        <test-method status="PASS" signature="Base(java.lang.String)[pri:0, instance:testCasesArea.AdministrationTC@679b62af]" name="Base" is-config="true" duration-ms="2183" started-at="2023-11-10T10:57:33Z" finished-at="2023-11-10T10:57:35Z">
          <params>
            <param index="0">
              <value>
                <![CDATA[chrome]]>
              </value>
            </param>
          </params>
          <reporter-output>
          </reporter-output>
        </test-method> <!-- Base -->
        <test-method status="PASS" signature="loginToApplication()[pri:0, instance:testCasesArea.AdministrationTC@679b62af]" name="loginToApplication" is-config="true" duration-ms="2089" started-at="2023-11-10T10:57:35Z" finished-at="2023-11-10T10:57:37Z">
          <reporter-output>
          </reporter-output>
        </test-method> <!-- loginToApplication -->
        <test-method status="FAIL" signature="verifyAddNewGroupPage_10()[pri:0, instance:testCasesArea.AdministrationTC@679b62af]" name="verifyAddNewGroupPage_10" duration-ms="3797" started-at="2023-11-10T10:57:37Z" finished-at="2023-11-10T10:57:41Z">
          <exception class="org.openqa.selenium.ElementClickInterceptedException">
            <message>
              <![CDATA[element click intercepted: Element <div data-qa-id="dd-serialSelect-Select Area" class="c3-dropdown btn-group-sm dropdown">...</div> is not clickable at point (1489, 357). Other element would receive the click: <div class="label undefined">...</div>
  (Session info: chrome=119.0.6045.106)
Build info: version: '4.10.0', revision: 'c14d967899'
System info: os.name: 'Windows 11', os.arch: 'amd64', os.version: '10.0', java.version: '1.8.0_321'
Driver info: org.openqa.selenium.chrome.ChromeDriver
Command: [454484b4c68d94b05159ed107ecbe7fd, clickElement {id=B93029A4669CB64610540BACD7E94D85_element_972}]
Capabilities {acceptInsecureCerts: false, browserName: chrome, browserVersion: 119.0.6045.106, chrome: {chromedriverVersion: 119.0.6045.105 (38c72552c5e..., userDataDir: C:\Users\Acer\AppData\Local...}, fedcm:accounts: true, goog:chromeOptions: {debuggerAddress: localhost:61281}, networkConnectionEnabled: false, pageLoadStrategy: normal, platformName: windows, proxy: Proxy(), se:cdp: ws://localhost:61281/devtoo..., se:cdpVersion: 119.0.6045.106, setWindowRect: true, strictFileInteractability: false, timeouts: {implicit: 0, pageLoad: 300000, script: 30000}, unhandledPromptBehavior: dismiss and notify, webauthn:extension:credBlob: true, webauthn:extension:largeBlob: true, webauthn:extension:minPinLength: true, webauthn:extension:prf: true, webauthn:virtualAuthenticators: true}
Element: [[ChromeDriver: chrome on windows (454484b4c68d94b05159ed107ecbe7fd)] -> css selector: [data-qa-id='dd-serialSelect-Select Area']]
Session ID: 454484b4c68d94b05159ed107ecbe7fd]]>
            </message>
            <full-stacktrace>
              <![CDATA[org.openqa.selenium.ElementClickInterceptedException: element click intercepted: Element <div data-qa-id="dd-serialSelect-Select Area" class="c3-dropdown btn-group-sm dropdown">...</div> is not clickable at point (1489, 357). Other element would receive the click: <div class="label undefined">...</div>
  (Session info: chrome=119.0.6045.106)
Build info: version: '4.10.0', revision: 'c14d967899'
System info: os.name: 'Windows 11', os.arch: 'amd64', os.version: '10.0', java.version: '1.8.0_321'
Driver info: org.openqa.selenium.chrome.ChromeDriver
Command: [454484b4c68d94b05159ed107ecbe7fd, clickElement {id=B93029A4669CB64610540BACD7E94D85_element_972}]
Capabilities {acceptInsecureCerts: false, browserName: chrome, browserVersion: 119.0.6045.106, chrome: {chromedriverVersion: 119.0.6045.105 (38c72552c5e..., userDataDir: C:\Users\Acer\AppData\Local...}, fedcm:accounts: true, goog:chromeOptions: {debuggerAddress: localhost:61281}, networkConnectionEnabled: false, pageLoadStrategy: normal, platformName: windows, proxy: Proxy(), se:cdp: ws://localhost:61281/devtoo..., se:cdpVersion: 119.0.6045.106, setWindowRect: true, strictFileInteractability: false, timeouts: {implicit: 0, pageLoad: 300000, script: 30000}, unhandledPromptBehavior: dismiss and notify, webauthn:extension:credBlob: true, webauthn:extension:largeBlob: true, webauthn:extension:minPinLength: true, webauthn:extension:prf: true, webauthn:virtualAuthenticators: true}
Element: [[ChromeDriver: chrome on windows (454484b4c68d94b05159ed107ecbe7fd)] -> css selector: [data-qa-id='dd-serialSelect-Select Area']]
Session ID: 454484b4c68d94b05159ed107ecbe7fd
	at sun.reflect.NativeConstructorAccessorImpl.newInstance0(Native Method)
	at sun.reflect.NativeConstructorAccessorImpl.newInstance(Unknown Source)
	at sun.reflect.DelegatingConstructorAccessorImpl.newInstance(Unknown Source)
	at java.lang.reflect.Constructor.newInstance(Unknown Source)
	at org.openqa.selenium.remote.codec.w3c.W3CHttpResponseCodec.createException(W3CHttpResponseCodec.java:199)
	at org.openqa.selenium.remote.codec.w3c.W3CHttpResponseCodec.decode(W3CHttpResponseCodec.java:132)
	at org.openqa.selenium.remote.codec.w3c.W3CHttpResponseCodec.decode(W3CHttpResponseCodec.java:51)
	at org.openqa.selenium.remote.HttpCommandExecutor.execute(HttpCommandExecutor.java:191)
	at org.openqa.selenium.remote.service.DriverCommandExecutor.invokeExecute(DriverCommandExecutor.java:196)
	at org.openqa.selenium.remote.service.DriverCommandExecutor.execute(DriverCommandExecutor.java:171)
	at org.openqa.selenium.remote.RemoteWebDriver.execute(RemoteWebDriver.java:531)
	at org.openqa.selenium.remote.RemoteWebElement.execute(RemoteWebElement.java:242)
	at org.openqa.selenium.remote.RemoteWebElement.click(RemoteWebElement.java:77)
	at sun.reflect.NativeMethodAccessorImpl.invoke0(Native Method)
	at sun.reflect.NativeMethodAccessorImpl.invoke(Unknown Source)
	at sun.reflect.DelegatingMethodAccessorImpl.invoke(Unknown Source)
	at java.lang.reflect.Method.invoke(Unknown Source)
	at org.openqa.selenium.support.pagefactory.internal.LocatingElementHandler.invoke(LocatingElementHandler.java:51)
	at com.sun.proxy.$Proxy15.click(Unknown Source)
	at pageFactory.GroupPage.createNewGroup(GroupPage.java:115)
	at testCasesArea.AdministrationTC.verifyAddNewGroupPage_10(AdministrationTC.java:128)
	at sun.reflect.NativeMethodAccessorImpl.invoke0(Native Method)
	at sun.reflect.NativeMethodAccessorImpl.invoke(Unknown Source)
	at sun.reflect.DelegatingMethodAccessorImpl.invoke(Unknown Source)
	at java.lang.reflect.Method.invoke(Unknown Source)
	at org.testng.internal.MethodInvocationHelper.invokeMethod(MethodInvocationHelper.java:85)
	at org.testng.internal.Invoker.invokeMethod(Invoker.java:663)
	at org.testng.internal.Invoker.invokeTestMethod(Invoker.java:849)
	at org.testng.internal.Invoker.invokeTestMethods(Invoker.java:1157)
	at org.testng.internal.TestMethodWorker.invokeTestMethods(TestMethodWorker.java:124)
	at org.testng.internal.TestMethodWorker.run(TestMethodWorker.java:108)
	at org.testng.TestRunner.privateRun(TestRunner.java:771)
	at org.testng.TestRunner.run(TestRunner.java:621)
	at org.testng.SuiteRunner.runTest(SuiteRunner.java:357)
	at org.testng.SuiteRunner.runSequentially(SuiteRunner.java:352)
	at org.testng.SuiteRunner.privateRun(SuiteRunner.java:310)
	at org.testng.SuiteRunner.run(SuiteRunner.java:259)
	at org.testng.SuiteRunnerWorker.runSuite(SuiteRunnerWorker.java:52)
	at org.testng.SuiteRunnerWorker.run(SuiteRunnerWorker.java:86)
	at org.testng.TestNG.runSuitesSequentially(TestNG.java:1200)
	at org.testng.TestNG.runSuitesLocally(TestNG.java:1125)
	at org.testng.TestNG.run(TestNG.java:1033)
	at org.testng.remote.RemoteTestNG.run(RemoteTestNG.java:111)
	at org.testng.remote.RemoteTestNG.initAndRun(RemoteTestNG.java:204)
	at org.testng.remote.RemoteTestNG.main(RemoteTestNG.java:175)
]]>
            </full-stacktrace>
          </exception> <!-- org.openqa.selenium.ElementClickInterceptedException -->
          <reporter-output>
          </reporter-output>
        </test-method> <!-- verifyAddNewGroupPage_10 -->
        <test-method status="PASS" signature="tearDown()[pri:0, instance:testCasesArea.AdministrationTC@679b62af]" name="tearDown" is-config="true" duration-ms="0" started-at="2023-11-10T10:57:41Z" finished-at="2023-11-10T10:57:41Z">
          <reporter-output>
          </reporter-output>
        </test-method> <!-- tearDown -->
      </class> <!-- testCasesArea.AdministrationTC -->
    </test> <!-- Administration -->
  </suite> <!-- cention-QA -->
</testng-results>
