<?xml version="1.0" encoding="UTF-8"?>
<testng-results skipped="0" failed="0" total="5" passed="5">
  <reporter-output>
  </reporter-output>
  <suite name="cention-QA" duration-ms="26072" started-at="2023-12-11T01:56:52Z" finished-at="2023-12-11T01:57:18Z">
    <groups>
    </groups>
    <test name="Administration" duration-ms="26072" started-at="2023-12-11T01:56:52Z" finished-at="2023-12-11T01:57:18Z">
      <class name="testCasesArea.AdministrationTC">
        <test-method status="PASS" signature="Base(java.lang.String)[pri:0, instance:testCasesArea.AdministrationTC@679b62af]" name="Base" is-config="true" duration-ms="3248" started-at="2023-12-11T09:56:52Z" finished-at="2023-12-11T09:56:56Z">
          <params>
            <param index="0">
              <value>
                <![CDATA[chrome]]>
              </value>
            </param>
          </params>
          <reporter-output>
          </reporter-output>
        </test-method> <!-- Base -->
        <test-method status="PASS" signature="loginToApplication()[pri:0, instance:testCasesArea.AdministrationTC@679b62af]" name="loginToApplication" is-config="true" duration-ms="2449" started-at="2023-12-11T09:56:56Z" finished-at="2023-12-11T09:56:58Z">
          <reporter-output>
          </reporter-output>
        </test-method> <!-- loginToApplication -->
        <test-method status="PASS" signature="verifyAccountsPage_01()[pri:0, instance:testCasesArea.AdministrationTC@679b62af]" name="verifyAccountsPage_01" duration-ms="3861" started-at="2023-12-11T09:56:58Z" finished-at="2023-12-11T09:57:02Z">
          <reporter-output>
          </reporter-output>
        </test-method> <!-- verifyAccountsPage_01 -->
        <test-method status="PASS" signature="verifyCreateNewEmail_02()[pri:0, instance:testCasesArea.AdministrationTC@679b62af]" name="verifyCreateNewEmail_02" duration-ms="2018" started-at="2023-12-11T09:57:02Z" finished-at="2023-12-11T09:57:04Z">
          <reporter-output>
          </reporter-output>
        </test-method> <!-- verifyCreateNewEmail_02 -->
        <test-method status="PASS" signature="verifyTestEmailAccount_03()[pri:0, instance:testCasesArea.AdministrationTC@679b62af]" name="verifyTestEmailAccount_03" duration-ms="6644" started-at="2023-12-11T09:57:04Z" finished-at="2023-12-11T09:57:11Z">
          <reporter-output>
          </reporter-output>
        </test-method> <!-- verifyTestEmailAccount_03 -->
        <test-method status="PASS" signature="verifyEditButtonAccount_04()[pri:0, instance:testCasesArea.AdministrationTC@679b62af]" name="verifyEditButtonAccount_04" duration-ms="4649" started-at="2023-12-11T09:57:11Z" finished-at="2023-12-11T09:57:15Z">
          <reporter-output>
          </reporter-output>
        </test-method> <!-- verifyEditButtonAccount_04 -->
        <test-method status="PASS" signature="verifyDeleteEmailAccount_05()[pri:0, instance:testCasesArea.AdministrationTC@679b62af]" name="verifyDeleteEmailAccount_05" duration-ms="3186" started-at="2023-12-11T09:57:15Z" finished-at="2023-12-11T09:57:18Z">
          <reporter-output>
          </reporter-output>
        </test-method> <!-- verifyDeleteEmailAccount_05 -->
        <test-method status="PASS" signature="tearDown()[pri:0, instance:testCasesArea.AdministrationTC@679b62af]" name="tearDown" is-config="true" duration-ms="0" started-at="2023-12-11T09:57:18Z" finished-at="2023-12-11T09:57:18Z">
          <reporter-output>
          </reporter-output>
        </test-method> <!-- tearDown -->
      </class> <!-- testCasesArea.AdministrationTC -->
    </test> <!-- Administration -->
  </suite> <!-- cention-QA -->
</testng-results>
