<?xml version="1.0" encoding="UTF-8"?>
<testng-results skipped="0" failed="0" total="7" passed="7">
  <reporter-output>
  </reporter-output>
  <suite name="cention-QA" duration-ms="37991" started-at="2023-12-06T07:58:14Z" finished-at="2023-12-06T07:58:52Z">
    <groups>
    </groups>
    <test name="Search" duration-ms="37991" started-at="2023-12-06T07:58:14Z" finished-at="2023-12-06T07:58:52Z">
      <class name="testCasesArea.SearchAndStatisticTC">
        <test-method status="PASS" signature="Base(java.lang.String)[pri:0, instance:testCasesArea.SearchAndStatisticTC@32cf48b7]" name="Base" is-config="true" duration-ms="5564" started-at="2023-12-06T15:58:14Z" finished-at="2023-12-06T15:58:20Z">
          <params>
            <param index="0">
              <value>
                <![CDATA[chrome]]>
              </value>
            </param>
          </params>
          <reporter-output>
          </reporter-output>
        </test-method> <!-- Base -->
        <test-method status="PASS" signature="loginToApplication()[pri:0, instance:testCasesArea.SearchAndStatisticTC@32cf48b7]" name="loginToApplication" is-config="true" duration-ms="12505" started-at="2023-12-06T15:58:20Z" finished-at="2023-12-06T15:58:32Z">
          <reporter-output>
          </reporter-output>
        </test-method> <!-- loginToApplication -->
        <test-method status="PASS" signature="verifySearchPage_01()[pri:0, instance:testCasesArea.SearchAndStatisticTC@32cf48b7]" name="verifySearchPage_01" duration-ms="3441" started-at="2023-12-06T15:58:32Z" finished-at="2023-12-06T15:58:36Z">
          <reporter-output>
          </reporter-output>
        </test-method> <!-- verifySearchPage_01 -->
        <test-method status="PASS" signature="verifySearchErrand_02()[pri:0, instance:testCasesArea.SearchAndStatisticTC@32cf48b7]" name="verifySearchErrand_02" duration-ms="481" started-at="2023-12-06T15:58:36Z" finished-at="2023-12-06T15:58:36Z">
          <reporter-output>
          </reporter-output>
        </test-method> <!-- verifySearchErrand_02 -->
        <test-method status="PASS" signature="verifyOpenSearchedErrand_03()[pri:0, instance:testCasesArea.SearchAndStatisticTC@32cf48b7]" name="verifyOpenSearchedErrand_03" duration-ms="3204" started-at="2023-12-06T15:58:36Z" finished-at="2023-12-06T15:58:40Z">
          <reporter-output>
          </reporter-output>
        </test-method> <!-- verifyOpenSearchedErrand_03 -->
        <test-method status="PASS" signature="verifySearchDateFilter_04()[pri:0, instance:testCasesArea.SearchAndStatisticTC@32cf48b7]" name="verifySearchDateFilter_04" duration-ms="3386" started-at="2023-12-06T15:58:40Z" finished-at="2023-12-06T15:58:43Z">
          <reporter-output>
          </reporter-output>
        </test-method> <!-- verifySearchDateFilter_04 -->
        <test-method status="PASS" signature="verifyCollaborationSearchFilter_05()[pri:0, instance:testCasesArea.SearchAndStatisticTC@32cf48b7]" name="verifyCollaborationSearchFilter_05" duration-ms="2995" started-at="2023-12-06T15:58:43Z" finished-at="2023-12-06T15:58:46Z">
          <reporter-output>
          </reporter-output>
        </test-method> <!-- verifyCollaborationSearchFilter_05 -->
        <test-method status="PASS" signature="verifySearchAttachmentFile_06()[pri:0, instance:testCasesArea.SearchAndStatisticTC@32cf48b7]" name="verifySearchAttachmentFile_06" duration-ms="6043" started-at="2023-12-06T15:58:46Z" finished-at="2023-12-06T15:58:52Z">
          <reporter-output>
          </reporter-output>
        </test-method> <!-- verifySearchAttachmentFile_06 -->
        <test-method status="PASS" signature="verifyOpenAndDownloadAttachmentFile_06()[pri:0, instance:testCasesArea.SearchAndStatisticTC@32cf48b7]" name="verifyOpenAndDownloadAttachmentFile_06" duration-ms="352" started-at="2023-12-06T15:58:52Z" finished-at="2023-12-06T15:58:52Z">
          <reporter-output>
          </reporter-output>
        </test-method> <!-- verifyOpenAndDownloadAttachmentFile_06 -->
        <test-method status="PASS" signature="tearDown()[pri:0, instance:testCasesArea.SearchAndStatisticTC@32cf48b7]" name="tearDown" is-config="true" duration-ms="0" started-at="2023-12-06T15:58:52Z" finished-at="2023-12-06T15:58:52Z">
          <reporter-output>
          </reporter-output>
        </test-method> <!-- tearDown -->
      </class> <!-- testCasesArea.SearchAndStatisticTC -->
    </test> <!-- Search -->
  </suite> <!-- cention-QA -->
</testng-results>
